[INFO] Scanning for projects...
[WARNING] 
[WARNING] Some problems were encountered while building the effective model for com.regnosys.rosetta.code-generators:python:jar:0.0.0.main-SNAPSHOT
[WARNING] 'build.plugins.plugin.version' for org.apache.maven.plugins:maven-source-plugin is missing. @ com.regnosys.rosetta.code-generators:parent:0.0.0.main-SNAPSHOT, /Users/dls/projects/cdm/rosetta-code-generators/CloudRisk/rosetta-code-generators/pom.xml, line 517, column 21
[WARNING] 
[WARNING] It is highly recommended to fix these problems because they threaten the stability of your build.
[WARNING] 
[WARNING] For this reason, future Maven versions might no longer support building such malformed projects.
[WARNING] 
[INFO] Inspecting build with total of 1 modules...
[INFO] Installing Nexus Staging features:
[INFO]   ... total of 1 executions of maven-deploy-plugin replaced with nexus-staging-maven-plugin
[INFO] 
[INFO] ------------< com.regnosys.rosetta.code-generators:python >-------------
[INFO] Building code-gen-python 0.0.0.main-SNAPSHOT
[INFO]   from pom.xml
[INFO] --------------------------------[ jar ]---------------------------------
[WARNING] Ignoring incompatible plugin version 4.0.0-beta-1: The plugin org.apache.maven.plugins:maven-source-plugin:4.0.0-beta-1 requires Maven version 4.0.0-beta-3
[INFO] Latest version of plugin org.apache.maven.plugins:maven-source-plugin failed compatibility check
[INFO] Looking for compatible RELEASE version of plugin org.apache.maven.plugins:maven-source-plugin
[INFO] Selected plugin org.apache.maven.plugins:maven-source-plugin:3.3.1
[INFO] 
[INFO] --- clean:3.1.0:clean (default-clean) @ python ---
[INFO] Deleting /Users/dls/projects/cdm/rosetta-code-generators/CloudRisk/rosetta-code-generators/python/target
[INFO] 
[INFO] --- enforcer:3.2.1:enforce (enforce-java) @ python ---
[INFO] Rule 0: org.apache.maven.enforcer.rules.version.RequireJavaVersion passed
[INFO] Rule 1: org.apache.maven.enforcer.rules.dependency.BannedDependencies passed
[INFO] 
[INFO] --- xtend:2.27.0:compile (Generate xtend sources) @ python ---
[WARNING] 
WARNING: 	PythonExpressionGenerator.xtend - /Users/dls/projects/cdm/rosetta-code-generators/CloudRisk/rosetta-code-generators/python/src/main/java/com/regnosys/rosetta/generator/python/expressions/PythonExpressionGenerator.xtend
214: Unnecessary cast from RosettaFeature to RosettaFeature
[WARNING] 
WARNING: 	PythonExpressionGenerator.xtend - /Users/dls/projects/cdm/rosetta-code-generators/CloudRisk/rosetta-code-generators/python/src/main/java/com/regnosys/rosetta/generator/python/expressions/PythonExpressionGenerator.xtend
232: Unnecessary cast from RosettaExpression to RosettaExpression
[WARNING] 
WARNING: 	PythonExpressionGenerator.xtend - /Users/dls/projects/cdm/rosetta-code-generators/CloudRisk/rosetta-code-generators/python/src/main/java/com/regnosys/rosetta/generator/python/expressions/PythonExpressionGenerator.xtend
239: Unnecessary cast from RosettaExpression to RosettaExpression
[WARNING] 
WARNING: 	PythonExpressionGenerator.xtend - /Users/dls/projects/cdm/rosetta-code-generators/CloudRisk/rosetta-code-generators/python/src/main/java/com/regnosys/rosetta/generator/python/expressions/PythonExpressionGenerator.xtend
264: Unnecessary cast from RosettaExpression to RosettaExpression
[WARNING] 
WARNING: 	PythonExpressionGenerator.xtend - /Users/dls/projects/cdm/rosetta-code-generators/CloudRisk/rosetta-code-generators/python/src/main/java/com/regnosys/rosetta/generator/python/expressions/PythonExpressionGenerator.xtend
272: Unnecessary cast from RosettaOnlyExistsExpression to RosettaOnlyExistsExpression
[WARNING] 
WARNING: 	PythonExpressionGenerator.xtend - /Users/dls/projects/cdm/rosetta-code-generators/CloudRisk/rosetta-code-generators/python/src/main/java/com/regnosys/rosetta/generator/python/expressions/PythonExpressionGenerator.xtend
276: Unnecessary cast from RosettaExpression to RosettaExpression
[WARNING] 
WARNING: 	PythonExpressionGenerator.xtend - /Users/dls/projects/cdm/rosetta-code-generators/CloudRisk/rosetta-code-generators/python/src/main/java/com/regnosys/rosetta/generator/python/expressions/PythonExpressionGenerator.xtend
329: Unnecessary cast from InlineFunction to InlineFunction
[WARNING] 
WARNING: 	PythonExpressionGenerator.xtend - /Users/dls/projects/cdm/rosetta-code-generators/CloudRisk/rosetta-code-generators/python/src/main/java/com/regnosys/rosetta/generator/python/expressions/PythonExpressionGenerator.xtend
330: The value of the local variable funcParameters is not used
[WARNING] 
WARNING: 	PythonMetaFieldGenerator.xtend - /Users/dls/projects/cdm/rosetta-code-generators/CloudRisk/rosetta-code-generators/python/src/main/java/com/regnosys/rosetta/generator/python/object/PythonMetaFieldGenerator.xtend
3: The type ExpandedType is deprecated
[WARNING] 
WARNING: 	PythonMetaFieldGenerator.xtend - /Users/dls/projects/cdm/rosetta-code-generators/CloudRisk/rosetta-code-generators/python/src/main/java/com/regnosys/rosetta/generator/python/object/PythonMetaFieldGenerator.xtend
11: The type RosettaAttributeExtensions is deprecated
[WARNING] 
WARNING: 	PythonMetaFieldGenerator.xtend - /Users/dls/projects/cdm/rosetta-code-generators/CloudRisk/rosetta-code-generators/python/src/main/java/com/regnosys/rosetta/generator/python/object/PythonMetaFieldGenerator.xtend
12: The type IterableUtil is deprecated
[WARNING] 
WARNING: 	PythonMetaFieldGenerator.xtend - /Users/dls/projects/cdm/rosetta-code-generators/CloudRisk/rosetta-code-generators/python/src/main/java/com/regnosys/rosetta/generator/python/object/PythonMetaFieldGenerator.xtend
21: The method getExpandedAttributes(Data) from the type RosettaAttributeExtensions is deprecated
[WARNING] 
WARNING: 	PythonMetaFieldGenerator.xtend - /Users/dls/projects/cdm/rosetta-code-generators/CloudRisk/rosetta-code-generators/python/src/main/java/com/regnosys/rosetta/generator/python/object/PythonMetaFieldGenerator.xtend
22: The method hasMetas() from the type ExpandedAttribute is deprecated
[WARNING] 
WARNING: 	PythonMetaFieldGenerator.xtend - /Users/dls/projects/cdm/rosetta-code-generators/CloudRisk/rosetta-code-generators/python/src/main/java/com/regnosys/rosetta/generator/python/object/PythonMetaFieldGenerator.xtend
22: The method getMetas() from the type ExpandedAttribute is deprecated
[WARNING] 
WARNING: 	PythonMetaFieldGenerator.xtend - /Users/dls/projects/cdm/rosetta-code-generators/CloudRisk/rosetta-code-generators/python/src/main/java/com/regnosys/rosetta/generator/python/object/PythonMetaFieldGenerator.xtend
22: The method getName() from the type ExpandedAttribute is deprecated
[WARNING] 
WARNING: 	PythonMetaFieldGenerator.xtend - /Users/dls/projects/cdm/rosetta-code-generators/CloudRisk/rosetta-code-generators/python/src/main/java/com/regnosys/rosetta/generator/python/object/PythonMetaFieldGenerator.xtend
22: The method getName() from the type ExpandedAttribute is deprecated
[WARNING] 
WARNING: 	PythonMetaFieldGenerator.xtend - /Users/dls/projects/cdm/rosetta-code-generators/CloudRisk/rosetta-code-generators/python/src/main/java/com/regnosys/rosetta/generator/python/object/PythonMetaFieldGenerator.xtend
22: The type ExpandedAttribute is deprecated
[WARNING] 
WARNING: 	PythonMetaFieldGenerator.xtend - /Users/dls/projects/cdm/rosetta-code-generators/CloudRisk/rosetta-code-generators/python/src/main/java/com/regnosys/rosetta/generator/python/object/PythonMetaFieldGenerator.xtend
22: The type ExpandedAttribute is deprecated
[WARNING] 
WARNING: 	PythonMetaFieldGenerator.xtend - /Users/dls/projects/cdm/rosetta-code-generators/CloudRisk/rosetta-code-generators/python/src/main/java/com/regnosys/rosetta/generator/python/object/PythonMetaFieldGenerator.xtend
23: The method getType() from the type ExpandedAttribute is deprecated
[WARNING] 
WARNING: 	PythonMetaFieldGenerator.xtend - /Users/dls/projects/cdm/rosetta-code-generators/CloudRisk/rosetta-code-generators/python/src/main/java/com/regnosys/rosetta/generator/python/object/PythonMetaFieldGenerator.xtend
23: The type ExpandedAttribute is deprecated
[WARNING] 
WARNING: 	PythonMetaFieldGenerator.xtend - /Users/dls/projects/cdm/rosetta-code-generators/CloudRisk/rosetta-code-generators/python/src/main/java/com/regnosys/rosetta/generator/python/object/PythonMetaFieldGenerator.xtend
29: The method isType() from the type ExpandedType is deprecated
[WARNING] 
WARNING: 	PythonMetaFieldGenerator.xtend - /Users/dls/projects/cdm/rosetta-code-generators/CloudRisk/rosetta-code-generators/python/src/main/java/com/regnosys/rosetta/generator/python/object/PythonMetaFieldGenerator.xtend
36: The method getExpandedAttributes(Data) from the type RosettaAttributeExtensions is deprecated
[WARNING] 
WARNING: 	PythonMetaFieldGenerator.xtend - /Users/dls/projects/cdm/rosetta-code-generators/CloudRisk/rosetta-code-generators/python/src/main/java/com/regnosys/rosetta/generator/python/object/PythonMetaFieldGenerator.xtend
37: The method hasMetas() from the type ExpandedAttribute is deprecated
[WARNING] 
WARNING: 	PythonMetaFieldGenerator.xtend - /Users/dls/projects/cdm/rosetta-code-generators/CloudRisk/rosetta-code-generators/python/src/main/java/com/regnosys/rosetta/generator/python/object/PythonMetaFieldGenerator.xtend
37: The method getMetas() from the type ExpandedAttribute is deprecated
[WARNING] 
WARNING: 	PythonMetaFieldGenerator.xtend - /Users/dls/projects/cdm/rosetta-code-generators/CloudRisk/rosetta-code-generators/python/src/main/java/com/regnosys/rosetta/generator/python/object/PythonMetaFieldGenerator.xtend
37: The method getName() from the type ExpandedAttribute is deprecated
[WARNING] 
WARNING: 	PythonMetaFieldGenerator.xtend - /Users/dls/projects/cdm/rosetta-code-generators/CloudRisk/rosetta-code-generators/python/src/main/java/com/regnosys/rosetta/generator/python/object/PythonMetaFieldGenerator.xtend
37: The method getName() from the type ExpandedAttribute is deprecated
[WARNING] 
WARNING: 	PythonMetaFieldGenerator.xtend - /Users/dls/projects/cdm/rosetta-code-generators/CloudRisk/rosetta-code-generators/python/src/main/java/com/regnosys/rosetta/generator/python/object/PythonMetaFieldGenerator.xtend
37: The type ExpandedAttribute is deprecated
[WARNING] 
WARNING: 	PythonMetaFieldGenerator.xtend - /Users/dls/projects/cdm/rosetta-code-generators/CloudRisk/rosetta-code-generators/python/src/main/java/com/regnosys/rosetta/generator/python/object/PythonMetaFieldGenerator.xtend
37: The type ExpandedAttribute is deprecated
[WARNING] 
WARNING: 	PythonMetaFieldGenerator.xtend - /Users/dls/projects/cdm/rosetta-code-generators/CloudRisk/rosetta-code-generators/python/src/main/java/com/regnosys/rosetta/generator/python/object/PythonMetaFieldGenerator.xtend
38: The method getType() from the type ExpandedAttribute is deprecated
[WARNING] 
WARNING: 	PythonMetaFieldGenerator.xtend - /Users/dls/projects/cdm/rosetta-code-generators/CloudRisk/rosetta-code-generators/python/src/main/java/com/regnosys/rosetta/generator/python/object/PythonMetaFieldGenerator.xtend
38: The type ExpandedAttribute is deprecated
[WARNING] 
WARNING: 	PythonMetaFieldGenerator.xtend - /Users/dls/projects/cdm/rosetta-code-generators/CloudRisk/rosetta-code-generators/python/src/main/java/com/regnosys/rosetta/generator/python/object/PythonMetaFieldGenerator.xtend
54: The type ExpandedType is deprecated
[WARNING] 
WARNING: 	PythonMetaFieldGenerator.xtend - /Users/dls/projects/cdm/rosetta-code-generators/CloudRisk/rosetta-code-generators/python/src/main/java/com/regnosys/rosetta/generator/python/object/PythonMetaFieldGenerator.xtend
62: The method isEnumeration() from the type ExpandedType is deprecated
[WARNING] 
WARNING: 	PythonMetaFieldGenerator.xtend - /Users/dls/projects/cdm/rosetta-code-generators/CloudRisk/rosetta-code-generators/python/src/main/java/com/regnosys/rosetta/generator/python/object/PythonMetaFieldGenerator.xtend
61: The type ExpandedType is deprecated
[WARNING] 
WARNING: 	PythonMetaFieldGenerator.xtend - /Users/dls/projects/cdm/rosetta-code-generators/CloudRisk/rosetta-code-generators/python/src/main/java/com/regnosys/rosetta/generator/python/object/PythonMetaFieldGenerator.xtend
72: The method getName() from the type ExpandedType is deprecated
[WARNING] 
WARNING: 	PythonMetaFieldGenerator.xtend - /Users/dls/projects/cdm/rosetta-code-generators/CloudRisk/rosetta-code-generators/python/src/main/java/com/regnosys/rosetta/generator/python/object/PythonMetaFieldGenerator.xtend
69: The type ExpandedType is deprecated
[WARNING] 
WARNING: 	PythonMetaFieldGenerator.xtend - /Users/dls/projects/cdm/rosetta-code-generators/CloudRisk/rosetta-code-generators/python/src/main/java/com/regnosys/rosetta/generator/python/object/PythonMetaFieldGenerator.xtend
78: The type ExpandedType is deprecated
[WARNING] 
WARNING: 	PythonMetaFieldGenerator.xtend - /Users/dls/projects/cdm/rosetta-code-generators/CloudRisk/rosetta-code-generators/python/src/main/java/com/regnosys/rosetta/generator/python/object/PythonMetaFieldGenerator.xtend
91: The method distinctBy(Iterable<T>, Function<T, U>) from the type IterableUtil is deprecated
[WARNING] 
WARNING: 	PythonMetaFieldGenerator.xtend - /Users/dls/projects/cdm/rosetta-code-generators/CloudRisk/rosetta-code-generators/python/src/main/java/com/regnosys/rosetta/generator/python/object/PythonMetaFieldGenerator.xtend
98: The method distinctBy(Iterable<T>, Function<T, U>) from the type IterableUtil is deprecated
[WARNING] 
WARNING: 	PythonModelObjectGenerator.xtend - /Users/dls/projects/cdm/rosetta-code-generators/CloudRisk/rosetta-code-generators/python/src/main/java/com/regnosys/rosetta/generator/python/object/PythonModelObjectGenerator.xtend
12: The import 'com.regnosys.rosetta.types.RAttribute' is never used.
[WARNING] 
WARNING: 	PythonModelObjectGenerator.xtend - /Users/dls/projects/cdm/rosetta-code-generators/CloudRisk/rosetta-code-generators/python/src/main/java/com/regnosys/rosetta/generator/python/object/PythonModelObjectGenerator.xtend
4: The type ExpandedAttribute is deprecated
[WARNING] 
WARNING: 	PythonModelObjectGenerator.xtend - /Users/dls/projects/cdm/rosetta-code-generators/CloudRisk/rosetta-code-generators/python/src/main/java/com/regnosys/rosetta/generator/python/object/PythonModelObjectGenerator.xtend
23: The type RosettaAttributeExtensions is deprecated
[WARNING] 
WARNING: 	PythonModelObjectGenerator.xtend - /Users/dls/projects/cdm/rosetta-code-generators/CloudRisk/rosetta-code-generators/python/src/main/java/com/regnosys/rosetta/generator/python/object/PythonModelObjectGenerator.xtend
41: The method getName() from the type ExpandedAttribute is deprecated
[WARNING] 
WARNING: 	PythonModelObjectGenerator.xtend - /Users/dls/projects/cdm/rosetta-code-generators/CloudRisk/rosetta-code-generators/python/src/main/java/com/regnosys/rosetta/generator/python/object/PythonModelObjectGenerator.xtend
43: The method hasMetas() from the type ExpandedAttribute is deprecated
[WARNING] 
WARNING: 	PythonModelObjectGenerator.xtend - /Users/dls/projects/cdm/rosetta-code-generators/CloudRisk/rosetta-code-generators/python/src/main/java/com/regnosys/rosetta/generator/python/object/PythonModelObjectGenerator.xtend
48: The method getMetas() from the type ExpandedAttribute is deprecated
[WARNING] 
WARNING: 	PythonModelObjectGenerator.xtend - /Users/dls/projects/cdm/rosetta-code-generators/CloudRisk/rosetta-code-generators/python/src/main/java/com/regnosys/rosetta/generator/python/object/PythonModelObjectGenerator.xtend
49: The method getName() from the type ExpandedAttribute is deprecated
[WARNING] 
WARNING: 	PythonModelObjectGenerator.xtend - /Users/dls/projects/cdm/rosetta-code-generators/CloudRisk/rosetta-code-generators/python/src/main/java/com/regnosys/rosetta/generator/python/object/PythonModelObjectGenerator.xtend
48: The type ExpandedAttribute is deprecated
[WARNING] 
WARNING: 	PythonModelObjectGenerator.xtend - /Users/dls/projects/cdm/rosetta-code-generators/CloudRisk/rosetta-code-generators/python/src/main/java/com/regnosys/rosetta/generator/python/object/PythonModelObjectGenerator.xtend
38: The type ExpandedAttribute is deprecated
[WARNING] 
WARNING: 	PythonModelObjectGenerator.xtend - /Users/dls/projects/cdm/rosetta-code-generators/CloudRisk/rosetta-code-generators/python/src/main/java/com/regnosys/rosetta/generator/python/object/PythonModelObjectGenerator.xtend
118: The method asRDataType() from the type RChoiceType is deprecated
[WARNING] 
WARNING: 	PythonModelObjectGenerator.xtend - /Users/dls/projects/cdm/rosetta-code-generators/CloudRisk/rosetta-code-generators/python/src/main/java/com/regnosys/rosetta/generator/python/object/PythonModelObjectGenerator.xtend
144: The type ExpandedAttribute is deprecated
[WARNING] 
WARNING: 	PythonModelObjectGenerator.xtend - /Users/dls/projects/cdm/rosetta-code-generators/CloudRisk/rosetta-code-generators/python/src/main/java/com/regnosys/rosetta/generator/python/object/PythonModelObjectGenerator.xtend
179: The method getEnclosingType() from the type ExpandedAttribute is deprecated
[WARNING] 
WARNING: 	PythonModelObjectGenerator.xtend - /Users/dls/projects/cdm/rosetta-code-generators/CloudRisk/rosetta-code-generators/python/src/main/java/com/regnosys/rosetta/generator/python/object/PythonModelObjectGenerator.xtend
179: The type ExpandedAttribute is deprecated
[WARNING] 
WARNING: 	PythonModelObjectGenerator.xtend - /Users/dls/projects/cdm/rosetta-code-generators/CloudRisk/rosetta-code-generators/python/src/main/java/com/regnosys/rosetta/generator/python/object/PythonModelObjectGenerator.xtend
180: The method getName() from the type ExpandedAttribute is deprecated
[WARNING] 
WARNING: 	PythonModelObjectGenerator.xtend - /Users/dls/projects/cdm/rosetta-code-generators/CloudRisk/rosetta-code-generators/python/src/main/java/com/regnosys/rosetta/generator/python/object/PythonModelObjectGenerator.xtend
180: The method getName() from the type ExpandedAttribute is deprecated
[WARNING] 
WARNING: 	PythonModelObjectGenerator.xtend - /Users/dls/projects/cdm/rosetta-code-generators/CloudRisk/rosetta-code-generators/python/src/main/java/com/regnosys/rosetta/generator/python/object/PythonModelObjectGenerator.xtend
180: The method getName() from the type ExpandedAttribute is deprecated
[WARNING] 
WARNING: 	PythonModelObjectGenerator.xtend - /Users/dls/projects/cdm/rosetta-code-generators/CloudRisk/rosetta-code-generators/python/src/main/java/com/regnosys/rosetta/generator/python/object/PythonModelObjectGenerator.xtend
179: The type ExpandedAttribute is deprecated
[WARNING] 
WARNING: 	PythonModelObjectGenerator.xtend - /Users/dls/projects/cdm/rosetta-code-generators/CloudRisk/rosetta-code-generators/python/src/main/java/com/regnosys/rosetta/generator/python/object/PythonModelObjectGenerator.xtend
181: The type ExpandedAttribute is deprecated
[WARNING] 
WARNING: 	PythonModelObjectGenerator.xtend - /Users/dls/projects/cdm/rosetta-code-generators/CloudRisk/rosetta-code-generators/python/src/main/java/com/regnosys/rosetta/generator/python/object/PythonModelObjectGenerator.xtend
185: The method getModel() from the type ExpandedType is deprecated
[WARNING] 
WARNING: 	PythonModelObjectGenerator.xtend - /Users/dls/projects/cdm/rosetta-code-generators/CloudRisk/rosetta-code-generators/python/src/main/java/com/regnosys/rosetta/generator/python/object/PythonModelObjectGenerator.xtend
185: The method getType() from the type ExpandedAttribute is deprecated
[WARNING] 
WARNING: 	PythonModelObjectGenerator.xtend - /Users/dls/projects/cdm/rosetta-code-generators/CloudRisk/rosetta-code-generators/python/src/main/java/com/regnosys/rosetta/generator/python/object/PythonModelObjectGenerator.xtend
217: The method getEnclosingType() from the type ExpandedAttribute is deprecated
[WARNING] 
WARNING: 	PythonModelObjectGenerator.xtend - /Users/dls/projects/cdm/rosetta-code-generators/CloudRisk/rosetta-code-generators/python/src/main/java/com/regnosys/rosetta/generator/python/object/PythonModelObjectGenerator.xtend
217: The type ExpandedAttribute is deprecated
[WARNING] 
WARNING: 	PythonModelObjectGenerator.xtend - /Users/dls/projects/cdm/rosetta-code-generators/CloudRisk/rosetta-code-generators/python/src/main/java/com/regnosys/rosetta/generator/python/object/PythonModelObjectGenerator.xtend
218: The method getName() from the type ExpandedAttribute is deprecated
[WARNING] 
WARNING: 	PythonModelObjectGenerator.xtend - /Users/dls/projects/cdm/rosetta-code-generators/CloudRisk/rosetta-code-generators/python/src/main/java/com/regnosys/rosetta/generator/python/object/PythonModelObjectGenerator.xtend
218: The method getName() from the type ExpandedAttribute is deprecated
[WARNING] 
WARNING: 	PythonModelObjectGenerator.xtend - /Users/dls/projects/cdm/rosetta-code-generators/CloudRisk/rosetta-code-generators/python/src/main/java/com/regnosys/rosetta/generator/python/object/PythonModelObjectGenerator.xtend
218: The method getName() from the type ExpandedAttribute is deprecated
[WARNING] 
WARNING: 	PythonModelObjectGenerator.xtend - /Users/dls/projects/cdm/rosetta-code-generators/CloudRisk/rosetta-code-generators/python/src/main/java/com/regnosys/rosetta/generator/python/object/PythonModelObjectGenerator.xtend
217: The type ExpandedAttribute is deprecated
[WARNING] 
WARNING: 	PythonModelObjectGenerator.xtend - /Users/dls/projects/cdm/rosetta-code-generators/CloudRisk/rosetta-code-generators/python/src/main/java/com/regnosys/rosetta/generator/python/object/PythonModelObjectGenerator.xtend
227: The method getSup() from the type ExpandedAttribute is deprecated
[WARNING] 
WARNING: 	PythonModelObjectGenerator.xtend - /Users/dls/projects/cdm/rosetta-code-generators/CloudRisk/rosetta-code-generators/python/src/main/java/com/regnosys/rosetta/generator/python/object/PythonModelObjectGenerator.xtend
227: The method isUnbound() from the type ExpandedAttribute is deprecated
[WARNING] 
WARNING: 	PythonModelObjectGenerator.xtend - /Users/dls/projects/cdm/rosetta-code-generators/CloudRisk/rosetta-code-generators/python/src/main/java/com/regnosys/rosetta/generator/python/object/PythonModelObjectGenerator.xtend
230: The method getInf() from the type ExpandedAttribute is deprecated
[WARNING] 
WARNING: 	PythonModelObjectGenerator.xtend - /Users/dls/projects/cdm/rosetta-code-generators/CloudRisk/rosetta-code-generators/python/src/main/java/com/regnosys/rosetta/generator/python/object/PythonModelObjectGenerator.xtend
238: The method getInf() from the type ExpandedAttribute is deprecated
[WARNING] 
WARNING: 	PythonModelObjectGenerator.xtend - /Users/dls/projects/cdm/rosetta-code-generators/CloudRisk/rosetta-code-generators/python/src/main/java/com/regnosys/rosetta/generator/python/object/PythonModelObjectGenerator.xtend
238: The method getSup() from the type ExpandedAttribute is deprecated
[WARNING] 
WARNING: 	PythonModelObjectGenerator.xtend - /Users/dls/projects/cdm/rosetta-code-generators/CloudRisk/rosetta-code-generators/python/src/main/java/com/regnosys/rosetta/generator/python/object/PythonModelObjectGenerator.xtend
240: The method getSup() from the type ExpandedAttribute is deprecated
[WARNING] 
WARNING: 	PythonModelObjectGenerator.xtend - /Users/dls/projects/cdm/rosetta-code-generators/CloudRisk/rosetta-code-generators/python/src/main/java/com/regnosys/rosetta/generator/python/object/PythonModelObjectGenerator.xtend
240: The method isUnbound() from the type ExpandedAttribute is deprecated
[WARNING] 
WARNING: 	PythonModelObjectGenerator.xtend - /Users/dls/projects/cdm/rosetta-code-generators/CloudRisk/rosetta-code-generators/python/src/main/java/com/regnosys/rosetta/generator/python/object/PythonModelObjectGenerator.xtend
244: The method getName() from the type ExpandedAttribute is deprecated
[WARNING] 
WARNING: 	PythonModelObjectGenerator.xtend - /Users/dls/projects/cdm/rosetta-code-generators/CloudRisk/rosetta-code-generators/python/src/main/java/com/regnosys/rosetta/generator/python/object/PythonModelObjectGenerator.xtend
245: The method getInf() from the type ExpandedAttribute is deprecated
[WARNING] 
WARNING: 	PythonModelObjectGenerator.xtend - /Users/dls/projects/cdm/rosetta-code-generators/CloudRisk/rosetta-code-generators/python/src/main/java/com/regnosys/rosetta/generator/python/object/PythonModelObjectGenerator.xtend
245: The method getSup() from the type ExpandedAttribute is deprecated
[WARNING] 
WARNING: 	PythonModelObjectGenerator.xtend - /Users/dls/projects/cdm/rosetta-code-generators/CloudRisk/rosetta-code-generators/python/src/main/java/com/regnosys/rosetta/generator/python/object/PythonModelObjectGenerator.xtend
246: The method getInf() from the type ExpandedAttribute is deprecated
[WARNING] 
WARNING: 	PythonModelObjectGenerator.xtend - /Users/dls/projects/cdm/rosetta-code-generators/CloudRisk/rosetta-code-generators/python/src/main/java/com/regnosys/rosetta/generator/python/object/PythonModelObjectGenerator.xtend
246: The method getSup() from the type ExpandedAttribute is deprecated
[WARNING] 
WARNING: 	PythonModelObjectGenerator.xtend - /Users/dls/projects/cdm/rosetta-code-generators/CloudRisk/rosetta-code-generators/python/src/main/java/com/regnosys/rosetta/generator/python/object/PythonModelObjectGenerator.xtend
247: The method getInf() from the type ExpandedAttribute is deprecated
[WARNING] 
WARNING: 	PythonModelObjectGenerator.xtend - /Users/dls/projects/cdm/rosetta-code-generators/CloudRisk/rosetta-code-generators/python/src/main/java/com/regnosys/rosetta/generator/python/object/PythonModelObjectGenerator.xtend
247: The method isUnbound() from the type ExpandedAttribute is deprecated
[WARNING] 
WARNING: 	PythonModelObjectGenerator.xtend - /Users/dls/projects/cdm/rosetta-code-generators/CloudRisk/rosetta-code-generators/python/src/main/java/com/regnosys/rosetta/generator/python/object/PythonModelObjectGenerator.xtend
250: The method isUnbound() from the type ExpandedAttribute is deprecated
[WARNING] 
WARNING: 	PythonModelObjectGenerator.xtend - /Users/dls/projects/cdm/rosetta-code-generators/CloudRisk/rosetta-code-generators/python/src/main/java/com/regnosys/rosetta/generator/python/object/PythonModelObjectGenerator.xtend
250: The method getSup() from the type ExpandedAttribute is deprecated
[WARNING] 
WARNING: 	PythonModelObjectGenerator.xtend - /Users/dls/projects/cdm/rosetta-code-generators/CloudRisk/rosetta-code-generators/python/src/main/java/com/regnosys/rosetta/generator/python/object/PythonModelObjectGenerator.xtend
251: The method getDefinition() from the type ExpandedAttribute is deprecated
[WARNING] 
WARNING: 	PythonModelObjectGenerator.xtend - /Users/dls/projects/cdm/rosetta-code-generators/CloudRisk/rosetta-code-generators/python/src/main/java/com/regnosys/rosetta/generator/python/object/PythonModelObjectGenerator.xtend
251: The method getDefinition() from the type ExpandedAttribute is deprecated
[WARNING] 
WARNING: 	PythonModelObjectGenerator.xtend - /Users/dls/projects/cdm/rosetta-code-generators/CloudRisk/rosetta-code-generators/python/src/main/java/com/regnosys/rosetta/generator/python/object/PythonModelObjectGenerator.xtend
254: The method getDefinition() from the type ExpandedAttribute is deprecated
[WARNING] 
WARNING: 	PythonModelObjectGenerator.xtend - /Users/dls/projects/cdm/rosetta-code-generators/CloudRisk/rosetta-code-generators/python/src/main/java/com/regnosys/rosetta/generator/python/object/PythonModelObjectGenerator.xtend
256: The method getDefinition() from the type ExpandedAttribute is deprecated
[WARNING] 
WARNING: 	PythonModelObjectGenerator.xtend - /Users/dls/projects/cdm/rosetta-code-generators/CloudRisk/rosetta-code-generators/python/src/main/java/com/regnosys/rosetta/generator/python/object/PythonModelObjectGenerator.xtend
262: The method getInf() from the type ExpandedAttribute is deprecated
[WARNING] 
WARNING: 	PythonModelObjectGenerator.xtend - /Users/dls/projects/cdm/rosetta-code-generators/CloudRisk/rosetta-code-generators/python/src/main/java/com/regnosys/rosetta/generator/python/object/PythonModelObjectGenerator.xtend
225: The type ExpandedAttribute is deprecated
[WARNING] 
WARNING: 	PythonModelObjectGenerator.xtend - /Users/dls/projects/cdm/rosetta-code-generators/CloudRisk/rosetta-code-generators/python/src/main/java/com/regnosys/rosetta/generator/python/object/PythonModelObjectGenerator.xtend
269: The method getAllSuperTypes(Data) from the type RosettaEcoreUtil is deprecated
[WARNING] 
WARNING: 	PythonModelObjectGenerator.xtend - /Users/dls/projects/cdm/rosetta-code-generators/CloudRisk/rosetta-code-generators/python/src/main/java/com/regnosys/rosetta/generator/python/object/PythonModelObjectGenerator.xtend
269: The method getExpandedAttributes(Data) from the type RosettaAttributeExtensions is deprecated
[WARNING] 
WARNING: 	PythonModelObjectGenerator.xtend - /Users/dls/projects/cdm/rosetta-code-generators/CloudRisk/rosetta-code-generators/python/src/main/java/com/regnosys/rosetta/generator/python/object/PythonModelObjectGenerator.xtend
268: The type ExpandedAttribute is deprecated
[WARNING] 
WARNING: 	PythonModelObjectBoilerPlate.xtend - /Users/dls/projects/cdm/rosetta-code-generators/CloudRisk/rosetta-code-generators/python/src/main/java/com/regnosys/rosetta/generator/python/object/PythonModelObjectBoilerPlate.xtend
3: The type ExpandedAttribute is deprecated
[WARNING] 
WARNING: 	PythonModelObjectBoilerPlate.xtend - /Users/dls/projects/cdm/rosetta-code-generators/CloudRisk/rosetta-code-generators/python/src/main/java/com/regnosys/rosetta/generator/python/object/PythonModelObjectBoilerPlate.xtend
6: The type ExpandedType is deprecated
[WARNING] 
WARNING: 	PythonModelObjectBoilerPlate.xtend - /Users/dls/projects/cdm/rosetta-code-generators/CloudRisk/rosetta-code-generators/python/src/main/java/com/regnosys/rosetta/generator/python/object/PythonModelObjectBoilerPlate.xtend
11: The method getName() from the type ExpandedAttribute is deprecated
[WARNING] 
WARNING: 	PythonModelObjectBoilerPlate.xtend - /Users/dls/projects/cdm/rosetta-code-generators/CloudRisk/rosetta-code-generators/python/src/main/java/com/regnosys/rosetta/generator/python/object/PythonModelObjectBoilerPlate.xtend
14: The method getName() from the type ExpandedAttribute is deprecated
[WARNING] 
WARNING: 	PythonModelObjectBoilerPlate.xtend - /Users/dls/projects/cdm/rosetta-code-generators/CloudRisk/rosetta-code-generators/python/src/main/java/com/regnosys/rosetta/generator/python/object/PythonModelObjectBoilerPlate.xtend
10: The type ExpandedAttribute is deprecated
[WARNING] 
WARNING: 	PythonModelObjectBoilerPlate.xtend - /Users/dls/projects/cdm/rosetta-code-generators/CloudRisk/rosetta-code-generators/python/src/main/java/com/regnosys/rosetta/generator/python/object/PythonModelObjectBoilerPlate.xtend
22: The method getName() from the type ExpandedType is deprecated
[WARNING] 
WARNING: 	PythonModelObjectBoilerPlate.xtend - /Users/dls/projects/cdm/rosetta-code-generators/CloudRisk/rosetta-code-generators/python/src/main/java/com/regnosys/rosetta/generator/python/object/PythonModelObjectBoilerPlate.xtend
21: The type ExpandedType is deprecated
[WARNING] 
WARNING: 	PythonModelObjectBoilerPlate.xtend - /Users/dls/projects/cdm/rosetta-code-generators/CloudRisk/rosetta-code-generators/python/src/main/java/com/regnosys/rosetta/generator/python/object/PythonModelObjectBoilerPlate.xtend
26: The method isMultiple() from the type ExpandedAttribute is deprecated
[WARNING] 
WARNING: 	PythonModelObjectBoilerPlate.xtend - /Users/dls/projects/cdm/rosetta-code-generators/CloudRisk/rosetta-code-generators/python/src/main/java/com/regnosys/rosetta/generator/python/object/PythonModelObjectBoilerPlate.xtend
28: The method isSingleOptional() from the type ExpandedAttribute is deprecated
[WARNING] 
WARNING: 	PythonModelObjectBoilerPlate.xtend - /Users/dls/projects/cdm/rosetta-code-generators/CloudRisk/rosetta-code-generators/python/src/main/java/com/regnosys/rosetta/generator/python/object/PythonModelObjectBoilerPlate.xtend
25: The type ExpandedAttribute is deprecated
[WARNING] 
WARNING: 	PythonModelObjectBoilerPlate.xtend - /Users/dls/projects/cdm/rosetta-code-generators/CloudRisk/rosetta-code-generators/python/src/main/java/com/regnosys/rosetta/generator/python/object/PythonModelObjectBoilerPlate.xtend
35: The method getType() from the type ExpandedAttribute is deprecated
[WARNING] 
WARNING: 	PythonModelObjectBoilerPlate.xtend - /Users/dls/projects/cdm/rosetta-code-generators/CloudRisk/rosetta-code-generators/python/src/main/java/com/regnosys/rosetta/generator/python/object/PythonModelObjectBoilerPlate.xtend
34: The type ExpandedAttribute is deprecated
[WARNING] 
WARNING: 	PythonModelObjectBoilerPlate.xtend - /Users/dls/projects/cdm/rosetta-code-generators/CloudRisk/rosetta-code-generators/python/src/main/java/com/regnosys/rosetta/generator/python/object/PythonModelObjectBoilerPlate.xtend
38: The type ExpandedType is deprecated
[WARNING] 
WARNING: 	PythonModelObjectBoilerPlate.xtend - /Users/dls/projects/cdm/rosetta-code-generators/CloudRisk/rosetta-code-generators/python/src/main/java/com/regnosys/rosetta/generator/python/object/PythonModelObjectBoilerPlate.xtend
42: The type ExpandedType is deprecated
[WARNING] 
WARNING: 	PythonModelObjectBoilerPlate.xtend - /Users/dls/projects/cdm/rosetta-code-generators/CloudRisk/rosetta-code-generators/python/src/main/java/com/regnosys/rosetta/generator/python/object/PythonModelObjectBoilerPlate.xtend
46: The type ExpandedType is deprecated
[WARNING] 
WARNING: 	PythonModelObjectBoilerPlate.xtend - /Users/dls/projects/cdm/rosetta-code-generators/CloudRisk/rosetta-code-generators/python/src/main/java/com/regnosys/rosetta/generator/python/object/PythonModelObjectBoilerPlate.xtend
56: The method isEnumeration() from the type ExpandedType is deprecated
[WARNING] 
WARNING: 	PythonModelObjectBoilerPlate.xtend - /Users/dls/projects/cdm/rosetta-code-generators/CloudRisk/rosetta-code-generators/python/src/main/java/com/regnosys/rosetta/generator/python/object/PythonModelObjectBoilerPlate.xtend
50: The type ExpandedType is deprecated
[WARNING] 
WARNING: 	PythonTranslator.xtend - /Users/dls/projects/cdm/rosetta-code-generators/CloudRisk/rosetta-code-generators/python/src/main/java/com/regnosys/rosetta/generator/python/util/PythonTranslator.xtend
4: The type ExpandedType is deprecated
[WARNING] 
WARNING: 	PythonTranslator.xtend - /Users/dls/projects/cdm/rosetta-code-generators/CloudRisk/rosetta-code-generators/python/src/main/java/com/regnosys/rosetta/generator/python/util/PythonTranslator.xtend
6: The type ExpandedAttribute is deprecated
[WARNING] 
WARNING: 	PythonTranslator.xtend - /Users/dls/projects/cdm/rosetta-code-generators/CloudRisk/rosetta-code-generators/python/src/main/java/com/regnosys/rosetta/generator/python/util/PythonTranslator.xtend
90: The method getName() from the type ExpandedType is deprecated
[WARNING] 
WARNING: 	PythonTranslator.xtend - /Users/dls/projects/cdm/rosetta-code-generators/CloudRisk/rosetta-code-generators/python/src/main/java/com/regnosys/rosetta/generator/python/util/PythonTranslator.xtend
92: The method isEnumeration() from the type ExpandedType is deprecated
[WARNING] 
WARNING: 	PythonTranslator.xtend - /Users/dls/projects/cdm/rosetta-code-generators/CloudRisk/rosetta-code-generators/python/src/main/java/com/regnosys/rosetta/generator/python/util/PythonTranslator.xtend
93: The method getName() from the type ExpandedType is deprecated
[WARNING] 
WARNING: 	PythonTranslator.xtend - /Users/dls/projects/cdm/rosetta-code-generators/CloudRisk/rosetta-code-generators/python/src/main/java/com/regnosys/rosetta/generator/python/util/PythonTranslator.xtend
94: The method getName() from the type ExpandedType is deprecated
[WARNING] 
WARNING: 	PythonTranslator.xtend - /Users/dls/projects/cdm/rosetta-code-generators/CloudRisk/rosetta-code-generators/python/src/main/java/com/regnosys/rosetta/generator/python/util/PythonTranslator.xtend
87: The type ExpandedType is deprecated
[WARNING] 
WARNING: 	PythonTranslator.xtend - /Users/dls/projects/cdm/rosetta-code-generators/CloudRisk/rosetta-code-generators/python/src/main/java/com/regnosys/rosetta/generator/python/util/PythonTranslator.xtend
98: The method getType() from the type ExpandedAttribute is deprecated
[WARNING] 
WARNING: 	PythonTranslator.xtend - /Users/dls/projects/cdm/rosetta-code-generators/CloudRisk/rosetta-code-generators/python/src/main/java/com/regnosys/rosetta/generator/python/util/PythonTranslator.xtend
98: The method getName() from the type ExpandedType is deprecated
[WARNING] 
WARNING: 	PythonTranslator.xtend - /Users/dls/projects/cdm/rosetta-code-generators/CloudRisk/rosetta-code-generators/python/src/main/java/com/regnosys/rosetta/generator/python/util/PythonTranslator.xtend
98: The method getType() from the type ExpandedAttribute is deprecated
[WARNING] 
WARNING: 	PythonTranslator.xtend - /Users/dls/projects/cdm/rosetta-code-generators/CloudRisk/rosetta-code-generators/python/src/main/java/com/regnosys/rosetta/generator/python/util/PythonTranslator.xtend
100: The method getName() from the type ExpandedType is deprecated
[WARNING] 
WARNING: 	PythonTranslator.xtend - /Users/dls/projects/cdm/rosetta-code-generators/CloudRisk/rosetta-code-generators/python/src/main/java/com/regnosys/rosetta/generator/python/util/PythonTranslator.xtend
100: The method getType() from the type ExpandedAttribute is deprecated
[WARNING] 
WARNING: 	PythonTranslator.xtend - /Users/dls/projects/cdm/rosetta-code-generators/CloudRisk/rosetta-code-generators/python/src/main/java/com/regnosys/rosetta/generator/python/util/PythonTranslator.xtend
102: The method getModel() from the type ExpandedType is deprecated
[WARNING] 
WARNING: 	PythonTranslator.xtend - /Users/dls/projects/cdm/rosetta-code-generators/CloudRisk/rosetta-code-generators/python/src/main/java/com/regnosys/rosetta/generator/python/util/PythonTranslator.xtend
102: The method getType() from the type ExpandedAttribute is deprecated
[WARNING] 
WARNING: 	PythonTranslator.xtend - /Users/dls/projects/cdm/rosetta-code-generators/CloudRisk/rosetta-code-generators/python/src/main/java/com/regnosys/rosetta/generator/python/util/PythonTranslator.xtend
97: The type ExpandedAttribute is deprecated
[WARNING] 
WARNING: 	PythonModelGeneratorUtil.xtend - /Users/dls/projects/cdm/rosetta-code-generators/CloudRisk/rosetta-code-generators/python/src/main/java/com/regnosys/rosetta/generator/python/util/PythonModelGeneratorUtil.xtend
3: The type ExpandedAttribute is deprecated
[WARNING] 
WARNING: 	PythonModelGeneratorUtil.xtend - /Users/dls/projects/cdm/rosetta-code-generators/CloudRisk/rosetta-code-generators/python/src/main/java/com/regnosys/rosetta/generator/python/util/PythonModelGeneratorUtil.xtend
32: The method getName() from the type ExpandedAttribute is deprecated
[WARNING] 
WARNING: 	PythonModelGeneratorUtil.xtend - /Users/dls/projects/cdm/rosetta-code-generators/CloudRisk/rosetta-code-generators/python/src/main/java/com/regnosys/rosetta/generator/python/util/PythonModelGeneratorUtil.xtend
32: The method getDefinition() from the type ExpandedAttribute is deprecated
[WARNING] 
WARNING: 	PythonModelGeneratorUtil.xtend - /Users/dls/projects/cdm/rosetta-code-generators/CloudRisk/rosetta-code-generators/python/src/main/java/com/regnosys/rosetta/generator/python/util/PythonModelGeneratorUtil.xtend
25: The type ExpandedAttribute is deprecated
[INFO] 
[INFO] --- resources:3.1.0:resources (default-resources) @ python ---
[INFO] Using 'UTF-8' encoding to copy filtered resources.
[INFO] Copying 8 resources
[INFO] 
[INFO] --- compiler:3.8.1:compile (default-compile) @ python ---
[INFO] Changes detected - recompiling the module!
[INFO] Compiling 11 source files to /Users/dls/projects/cdm/rosetta-code-generators/CloudRisk/rosetta-code-generators/python/target/classes
[INFO] /Users/dls/projects/cdm/rosetta-code-generators/CloudRisk/rosetta-code-generators/python/target/main/generated/xtend/com/regnosys/rosetta/generator/python/object/PythonMetaFieldGenerator.java: Some input files use or override a deprecated API.
[INFO] /Users/dls/projects/cdm/rosetta-code-generators/CloudRisk/rosetta-code-generators/python/target/main/generated/xtend/com/regnosys/rosetta/generator/python/object/PythonMetaFieldGenerator.java: Recompile with -Xlint:deprecation for details.
[INFO] 
[INFO] --- xtend:2.27.0:testCompile (Generate xtend test sources) @ python ---
[WARNING] 
WARNING: 	PythonFilesGeneratorTest.xtend - /Users/dls/projects/cdm/rosetta-code-generators/CloudRisk/rosetta-code-generators/python/src/test/java/com/regnosys/rosetta/generator/python/PythonFilesGeneratorTest.xtend
24: The import 'org.junit.jupiter.api.Assertions' is never used.
[WARNING] 
WARNING: 	PythonFilesGeneratorTest.xtend - /Users/dls/projects/cdm/rosetta-code-generators/CloudRisk/rosetta-code-generators/python/src/test/java/com/regnosys/rosetta/generator/python/PythonFilesGeneratorTest.xtend
44: The extension com.regnosys.rosetta.tests.util.ModelHelper is not used in PythonFilesGeneratorTest
[WARNING] 
WARNING: 	PythonFilesGeneratorTest.xtend - /Users/dls/projects/cdm/rosetta-code-generators/CloudRisk/rosetta-code-generators/python/src/test/java/com/regnosys/rosetta/generator/python/PythonFilesGeneratorTest.xtend
95: Unnecessary cast from String to String
[WARNING] 
WARNING: 	PythonFilesGeneratorTest.xtend - /Users/dls/projects/cdm/rosetta-code-generators/CloudRisk/rosetta-code-generators/python/src/test/java/com/regnosys/rosetta/generator/python/PythonFilesGeneratorTest.xtend
102: Unnecessary cast from String to String
[WARNING] 
WARNING: 	ChoiceAliasesGeneratorTest.xtend - /Users/dls/projects/cdm/rosetta-code-generators/CloudRisk/rosetta-code-generators/python/src/test/java/com/regnosys/rosetta/generator/python/object/ChoiceAliasesGeneratorTest.xtend
12: The import 'org.junit.jupiter.api.Assertions' is never used.
[INFO] 
[INFO] --- resources:3.1.0:testResources (default-testResources) @ python ---
[INFO] Using 'UTF-8' encoding to copy filtered resources.
[INFO] skip non existing resourceDirectory /Users/dls/projects/cdm/rosetta-code-generators/CloudRisk/rosetta-code-generators/python/src/test/resources
[INFO] 
[INFO] --- compiler:3.8.1:testCompile (default-testCompile) @ python ---
[INFO] Changes detected - recompiling the module!
[INFO] Compiling 14 source files to /Users/dls/projects/cdm/rosetta-code-generators/CloudRisk/rosetta-code-generators/python/target/test-classes
[INFO] /Users/dls/projects/cdm/rosetta-code-generators/CloudRisk/rosetta-code-generators/python/target/test/generated/xtend/com/regnosys/rosetta/generator/python/PythonFilesGeneratorTest.java: /Users/dls/projects/cdm/rosetta-code-generators/CloudRisk/rosetta-code-generators/python/target/test/generated/xtend/com/regnosys/rosetta/generator/python/PythonFilesGeneratorTest.java uses unchecked or unsafe operations.
[INFO] /Users/dls/projects/cdm/rosetta-code-generators/CloudRisk/rosetta-code-generators/python/target/test/generated/xtend/com/regnosys/rosetta/generator/python/PythonFilesGeneratorTest.java: Recompile with -Xlint:unchecked for details.
[INFO] 
[INFO] --- surefire:2.22.2:test (default-test) @ python ---
[INFO] 
[INFO] -------------------------------------------------------
[INFO]  T E S T S
[INFO] -------------------------------------------------------
[INFO] Running com.regnosys.rosetta.generator.python.PythonFilesGeneratorTest
INFO  c.r.r.g.p.PythonFilesGeneratorTest - generatePythonFromGenericRosetta ... start
INFO  c.r.r.g.p.PythonFilesGeneratorTest - generatePython ... creating Python from Rosetta found in build/resources/rosetta/python_unit_tests
INFO  c.r.r.g.p.PythonFilesGeneratorTest - generatePython ... creating resource set and adding common Rosetta models
INFO  c.r.r.g.p.PythonFilesGeneratorTest - generatePythonFromRosettaFiles ... found 3 rosetta files in build/resources/rosetta/python_unit_tests
INFO  c.r.r.g.p.PythonFilesGeneratorTest - generatePythonFromRosettaFiles ... converted to resources
INFO  c.r.r.g.p.PythonFilesGeneratorTest - generatePythonFromRosettaFiles ... created 3 rosetta models
INFO  c.r.r.g.p.PythonFilesGeneratorTest - generatePythonFromRosettaFiles ... processing model: rosetta_dsl.test
DEBUG c.r.r.g.p.PythonCodeGenerator - processing module: rosetta_dsl.test
INFO  c.r.r.g.p.PythonFilesGeneratorTest - generatePythonFromRosettaFiles ... processing model: rosetta_dsl.test.semantic
DEBUG c.r.r.g.p.PythonCodeGenerator - processing module: rosetta_dsl.test.semantic
INFO  c.r.r.g.p.PythonFilesGeneratorTest - generatePythonFromRosettaFiles ... processing model: rosetta_dsl.test.model
DEBUG c.r.r.g.p.PythonCodeGenerator - processing module: rosetta_dsl.test.model
ERROR c.r.r.g.p.PythonFilesGeneratorTest - target/python_unit_tests does not exist or is not a directory
INFO  c.r.r.g.p.PythonFilesGeneratorTest - Write Files ... wrote: 10
INFO  c.r.r.g.p.PythonFilesGeneratorTest - generatePythonFromRosettaFiles ... done
INFO  c.r.r.g.p.PythonFilesGeneratorTest - generatePythonFromGenericRosetta ... done
[WARNING] Tests run: 2, Failures: 0, Errors: 0, Skipped: 1, Time elapsed: 0.751 s - in com.regnosys.rosetta.generator.python.PythonFilesGeneratorTest
[INFO] Running com.regnosys.rosetta.generator.python.exceptions.PythonExceptionsTest
DEBUG c.r.r.g.p.PythonCodeGenerator - processing module: com.rosetta.test.model
DEBUG c.r.r.g.p.PythonCodeGenerator - processing module: com.rosetta.test.model
DEBUG c.r.r.g.p.PythonCodeGenerator - processing module: com.rosetta.test.model
[INFO] Tests run: 3, Failures: 0, Errors: 0, Skipped: 0, Time elapsed: 0.099 s - in com.regnosys.rosetta.generator.python.exceptions.PythonExceptionsTest
[INFO] Running com.regnosys.rosetta.generator.python.rule.DataRuleGeneratorTest
DEBUG c.r.r.g.p.PythonCodeGenerator - processing module: com.rosetta.test.model
DEBUG c.r.r.g.p.PythonCodeGenerator - processing module: com.rosetta.test.model
DEBUG c.r.r.g.p.PythonCodeGenerator - processing module: com.rosetta.test.model
DEBUG c.r.r.g.p.PythonCodeGenerator - processing module: com.rosetta.test.model
DEBUG c.r.r.g.p.PythonCodeGenerator - processing module: com.rosetta.test.model
DEBUG c.r.r.g.p.PythonCodeGenerator - processing module: com.rosetta.test.model
DEBUG c.r.r.g.p.PythonCodeGenerator - processing module: com.rosetta.test.model
DEBUG c.r.r.g.p.PythonCodeGenerator - processing module: com.rosetta.test.model
DEBUG c.r.r.g.p.PythonCodeGenerator - processing module: com.rosetta.test.model
DEBUG c.r.r.g.p.PythonCodeGenerator - processing module: com.rosetta.test.model
DEBUG c.r.r.g.p.PythonCodeGenerator - processing module: com.rosetta.test.model
DEBUG c.r.r.g.p.PythonCodeGenerator - processing module: com.rosetta.test.model
DEBUG c.r.r.g.p.PythonCodeGenerator - processing module: com.rosetta.test.model
[INFO] Tests run: 13, Failures: 0, Errors: 0, Skipped: 0, Time elapsed: 0.291 s - in com.regnosys.rosetta.generator.python.rule.DataRuleGeneratorTest
[INFO] Running com.regnosys.rosetta.generator.python.object.ModelObjectGeneratorTest
DEBUG c.r.r.g.p.PythonCodeGenerator - processing module: com.rosetta.test.model
DEBUG c.r.r.g.p.PythonCodeGenerator - processing module: com.rosetta.test.model
DEBUG c.r.r.g.p.PythonCodeGenerator - processing module: com.rosetta.test.model
DEBUG c.r.r.g.p.PythonCodeGenerator - processing module: com.rosetta.test.model
DEBUG c.r.r.g.p.PythonCodeGenerator - processing module: com.rosetta.test.model
DEBUG c.r.r.g.p.PythonCodeGenerator - processing module: com.rosetta.test.model
DEBUG c.r.r.g.p.PythonCodeGenerator - processing module: com.rosetta.test.model
DEBUG c.r.r.g.p.PythonCodeGenerator - processing module: com.rosetta.test.model
DEBUG c.r.r.g.p.PythonCodeGenerator - processing module: com.rosetta.test.model
DEBUG c.r.r.g.p.PythonCodeGenerator - processing module: com.rosetta.test.model
DEBUG c.r.r.g.p.PythonCodeGenerator - processing module: com.rosetta.test.model
DEBUG c.r.r.g.p.PythonCodeGenerator - processing module: com.rosetta.test.model
DEBUG c.r.r.g.p.PythonCodeGenerator - processing module: com.rosetta.test.model
DEBUG c.r.r.g.p.PythonCodeGenerator - processing module: com.rosetta.test.model
DEBUG c.r.r.g.p.PythonCodeGenerator - processing module: com.rosetta.test.model
DEBUG c.r.r.g.p.PythonCodeGenerator - processing module: com.rosetta.test.model
INFO  c.r.r.g.p.o.PythonModelObjectGenerator - PythonModelObjectGenerator::getDeepPath ... getChoiceAliases for name: A
##### choiceAlias ... start
##### choiceAlias ... end
generateClassDefinition ... choiceAliases: {}
DEBUG c.r.r.g.p.PythonCodeGenerator - processing module: com.rosetta.test.model
DEBUG c.r.r.g.p.PythonCodeGenerator - processing module: com.rosetta.test.model
DEBUG c.r.r.g.p.PythonCodeGenerator - processing module: com.rosetta.test.model
INFO  c.r.r.g.p.o.PythonModelObjectGenerator - PythonModelObjectGenerator::getDeepPath ... getChoiceAliases for name: A
##### choiceAlias ... start
##### choiceAlias ... end
generateClassDefinition ... choiceAliases: {}
[ERROR] Tests run: 28, Failures: 2, Errors: 0, Skipped: 9, Time elapsed: 0.255 s <<< FAILURE! - in com.regnosys.rosetta.generator.python.object.ModelObjectGeneratorTest
[ERROR] testConditions1  Time elapsed: 0.024 s  <<< FAILURE!
org.opentest4j.AssertionFailedError: expected: <true> but was: <false>
	at com.regnosys.rosetta.generator.python.object.ModelObjectGeneratorTest.testConditions1(ModelObjectGeneratorTest.java:764)

[ERROR] testConditionsGeneration  Time elapsed: 0.015 s  <<< FAILURE!
org.opentest4j.AssertionFailedError: expected: <true> but was: <false>
	at com.regnosys.rosetta.generator.python.object.ModelObjectGeneratorTest.testConditionsGeneration(ModelObjectGeneratorTest.java:1615)

[INFO] Running com.regnosys.rosetta.generator.python.object.ChoiceAliasGeneratorTest
***** testDeepPath - generatePython
DEBUG c.r.r.g.p.PythonCodeGenerator - processing module: com.rosetta.test.model
INFO  c.r.r.g.p.o.PythonModelObjectGenerator - PythonModelObjectGenerator::getDeepPath ... getChoiceAliases for name: Foo
##### getChoiceAliases df:RAttribute[name=deep1, type=Deep1, cardinality=[1, 1]]
##### getChoiceAliases df:RAttribute[name=b1, type=int, cardinality=[1, 1]]
##### choiceAlias ... start
choiceAlias {deep1:[Bar1.deep1, Bar3.deep1]}
choiceAlias {b1:[Bar1.b1, Bar3.b1]}
##### choiceAlias ... end
generateClassDefinition ... choiceAliases: {deep1=[Bar1.deep1, Bar3.deep1], b1=[Bar1.b1, Bar3.b1]}
INFO  c.r.r.g.p.o.PythonModelObjectGenerator - PythonModelObjectGenerator::getDeepPath ... getChoiceAliases for name: Bar3
##### getChoiceAliases df:RAttribute[name=bar2, type=Bar2, cardinality=[0, 1]]
##### getChoiceAliases df:RAttribute[name=c, type=int, cardinality=[1, 1]]
##### getChoiceAliases df:RAttribute[name=deep1, type=Deep1, cardinality=[1, 1]]
##### getChoiceAliases df:RAttribute[name=b1, type=int, cardinality=[1, 1]]
##### choiceAlias ... start
choiceAlias {bar2:[Bar2.bar2]}
choiceAlias {c:[Bar2.c]}
choiceAlias {deep1:[Bar2.deep1]}
choiceAlias {b1:[Bar2.b1]}
##### choiceAlias ... end
generateClassDefinition ... choiceAliases: {bar2=[Bar2.bar2], c=[Bar2.c], deep1=[Bar2.deep1], b1=[Bar2.b1]}
testDeepPath ... python code
{src/com/__init__.py=from .version import __version__, src/com/rosetta/test/model/Foo.py=# pylint: disable=line-too-long, invalid-name, missing-function-docstring
# pylint: disable=bad-indentation, trailing-whitespace, superfluous-parens
# pylint: disable=wrong-import-position, unused-import, unused-wildcard-import
# pylint: disable=wildcard-import, wrong-import-order, missing-class-docstring
# pylint: disable=missing-module-docstring
from __future__ import annotations
from typing import List, Optional
import datetime
import inspect
from decimal import Decimal
from pydantic import Field
from rosetta.runtime.utils import (
    BaseDataClass, rosetta_condition, rosetta_resolve_attr
)
from rosetta.runtime.utils import *

__all__ = ['Foo']


class Foo(BaseDataClass):
    CHOICE_ALIAS_MAP ={deep1=[Bar1.deep1, Bar3.deep1], b1=[Bar1.b1, Bar3.b1]}
    Bar1: Optional[com.rosetta.test.model.Bar1.Bar1] = Field(None, description="")
    Bar3: Optional[com.rosetta.test.model.Bar3.Bar3] = Field(None, description="")
    
    @rosetta_condition
    def condition_0_Choice(self):
        item = self
        return self.check_one_of_constraint('Bar1', 'Bar3', necessity=True)

import com 
import com.rosetta.test.model.Bar1
import com.rosetta.test.model.Bar3
, src/com/version.py=version = (0,0,0,0)
version_str = '0.0.0-0'
__version__ = '0.0.0'
__build_time__ = '2024-10-23T17:37:28.796573', src/com/rosetta/test/model/__init__.py= , src/com/rosetta/test/__init__.py= , src/com/rosetta/test/model/Bar1.py=# pylint: disable=line-too-long, invalid-name, missing-function-docstring
# pylint: disable=bad-indentation, trailing-whitespace, superfluous-parens
# pylint: disable=wrong-import-position, unused-import, unused-wildcard-import
# pylint: disable=wildcard-import, wrong-import-order, missing-class-docstring
# pylint: disable=missing-module-docstring
from __future__ import annotations
from typing import List, Optional
import datetime
import inspect
from decimal import Decimal
from pydantic import Field
from rosetta.runtime.utils import (
    BaseDataClass, rosetta_condition, rosetta_resolve_attr
)
from rosetta.runtime.utils import *

__all__ = ['Bar1']


class Bar1(BaseDataClass):
    deep1: com.rosetta.test.model.Deep1.Deep1 = Field(..., description="")
    b1: int = Field(..., description="")
    a: int = Field(..., description="")

import com 
import com.rosetta.test.model.Deep1
, src/com/rosetta/test/model/Bar2.py=# pylint: disable=line-too-long, invalid-name, missing-function-docstring
# pylint: disable=bad-indentation, trailing-whitespace, superfluous-parens
# pylint: disable=wrong-import-position, unused-import, unused-wildcard-import
# pylint: disable=wildcard-import, wrong-import-order, missing-class-docstring
# pylint: disable=missing-module-docstring
from __future__ import annotations
from typing import List, Optional
import datetime
import inspect
from decimal import Decimal
from pydantic import Field
from rosetta.runtime.utils import (
    BaseDataClass, rosetta_condition, rosetta_resolve_attr
)
from rosetta.runtime.utils import *

__all__ = ['Bar2']


class Bar2(BaseDataClass):
    deep1: com.rosetta.test.model.Deep1.Deep1 = Field(..., description="")
    b1: int = Field(..., description="")
    c: int = Field(..., description="")

import com 
import com.rosetta.test.model.Deep1
, src/com/rosetta/test/model/Deep1.py=# pylint: disable=line-too-long, invalid-name, missing-function-docstring
# pylint: disable=bad-indentation, trailing-whitespace, superfluous-parens
# pylint: disable=wrong-import-position, unused-import, unused-wildcard-import
# pylint: disable=wildcard-import, wrong-import-order, missing-class-docstring
# pylint: disable=missing-module-docstring
from __future__ import annotations
from typing import List, Optional
import datetime
import inspect
from decimal import Decimal
from pydantic import Field
from rosetta.runtime.utils import (
    BaseDataClass, rosetta_condition, rosetta_resolve_attr
)
from rosetta.runtime.utils import *

__all__ = ['Deep1']


class Deep1(BaseDataClass):
    attr: int = Field(..., description="")

import com 
, src/com/rosetta/__init__.py= , pyproject.toml=[build-system]
requires = ["setuptools>=62.0"]
build-backend = "setuptools.build_meta"

[project]
name = "python-com"
version = "0.0.0"
requires-python = ">= 3.10"
dependencies = [
   "pydantic>=2.6.1",
   "rosetta.runtime==2.1.0"
]
[tool.setuptools.packages.find]
where = ["src"], src/com/rosetta/test/model/Bar3.py=# pylint: disable=line-too-long, invalid-name, missing-function-docstring
# pylint: disable=bad-indentation, trailing-whitespace, superfluous-parens
# pylint: disable=wrong-import-position, unused-import, unused-wildcard-import
# pylint: disable=wildcard-import, wrong-import-order, missing-class-docstring
# pylint: disable=missing-module-docstring
from __future__ import annotations
from typing import List, Optional
import datetime
import inspect
from decimal import Decimal
from pydantic import Field
from rosetta.runtime.utils import (
    BaseDataClass, rosetta_condition, rosetta_resolve_attr
)
from rosetta.runtime.utils import *

__all__ = ['Bar3']


class Bar3(BaseDataClass):
    CHOICE_ALIAS_MAP ={bar2=[Bar2.bar2], c=[Bar2.c], deep1=[Bar2.deep1], b1=[Bar2.b1]}
    bar2: Optional[com.rosetta.test.model.Bar2.Bar2] = Field(None, description="")
    
    @rosetta_condition
    def condition_0_Choice(self):
        item = self
        return self.check_one_of_constraint('bar2', necessity=True)

import com 
import com.rosetta.test.model.Bar2
, src/com/py.typed=}
***** testDeepPath - done
[INFO] Tests run: 1, Failures: 0, Errors: 0, Skipped: 0, Time elapsed: 0.015 s - in com.regnosys.rosetta.generator.python.object.ChoiceAliasGeneratorTest
[INFO] Running com.regnosys.rosetta.generator.python.object.PythonEnumGeneratorTest
DEBUG c.r.r.g.p.PythonCodeGenerator - processing module: com.rosetta.test.model
[INFO] Tests run: 1, Failures: 0, Errors: 0, Skipped: 0, Time elapsed: 0.004 s - in com.regnosys.rosetta.generator.python.object.PythonEnumGeneratorTest
[INFO] Running com.regnosys.rosetta.generator.python.object.RosettaObjectInheritanceGeneratorTest
DEBUG c.r.r.g.p.PythonCodeGenerator - processing module: com.rosetta.test.model
[INFO] Tests run: 1, Failures: 0, Errors: 0, Skipped: 0, Time elapsed: 0.006 s - in com.regnosys.rosetta.generator.python.object.RosettaObjectInheritanceGeneratorTest
[INFO] Running com.regnosys.rosetta.generator.python.object.EnumGeneratorTest
DEBUG c.r.r.g.p.PythonCodeGenerator - processing module: com.rosetta.test.model
DEBUG c.r.r.g.p.PythonCodeGenerator - processing module: com.rosetta.test.model
DEBUG c.r.r.g.p.PythonCodeGenerator - processing module: com.rosetta.test.model
DEBUG c.r.r.g.p.PythonCodeGenerator - processing module: com.rosetta.test.model
DEBUG c.r.r.g.p.PythonCodeGenerator - processing module: com.rosetta.test.model
[WARNING] Tests run: 9, Failures: 0, Errors: 0, Skipped: 3, Time elapsed: 0.026 s - in com.regnosys.rosetta.generator.python.object.EnumGeneratorTest
[INFO] Running com.regnosys.rosetta.generator.python.object.PythonObjectGenerationTest
DEBUG c.r.r.g.p.PythonCodeGenerator - processing module: com.rosetta.test.model
DEBUG c.r.r.g.p.PythonCodeGenerator - processing module: com.rosetta.test.model
DEBUG c.r.r.g.p.PythonCodeGenerator - processing module: com.rosetta.test.model
DEBUG c.r.r.g.p.PythonCodeGenerator - processing module: com.rosetta.test.model
DEBUG c.r.r.g.p.PythonCodeGenerator - processing module: com.rosetta.test.model
INFO  c.r.r.g.p.o.PythonModelObjectGenerator - PythonModelObjectGenerator::getDeepPath ... getChoiceAliases for name: A
##### choiceAlias ... start
##### choiceAlias ... end
generateClassDefinition ... choiceAliases: {}
DEBUG c.r.r.g.p.PythonCodeGenerator - processing module: com.rosetta.test.model
INFO  c.r.r.g.p.o.PythonModelObjectGenerator - PythonModelObjectGenerator::getDeepPath ... getChoiceAliases for name: A
##### choiceAlias ... start
##### choiceAlias ... end
generateClassDefinition ... choiceAliases: {}
DEBUG c.r.r.g.p.PythonCodeGenerator - processing module: com.rosetta.test.model
DEBUG c.r.r.g.p.PythonCodeGenerator - processing module: com.rosetta.test.model
INFO  c.r.r.g.p.o.PythonModelObjectGenerator - PythonModelObjectGenerator::getDeepPath ... getChoiceAliases for name: UnitType
##### choiceAlias ... start
##### choiceAlias ... end
generateClassDefinition ... choiceAliases: {}
DEBUG c.r.r.g.p.PythonCodeGenerator - processing module: com.rosetta.test.model
INFO  c.r.r.g.p.o.PythonModelObjectGenerator - PythonModelObjectGenerator::getDeepPath ... getChoiceAliases for name: AncillaryEntity
##### choiceAlias ... start
##### choiceAlias ... end
generateClassDefinition ... choiceAliases: {}
DEBUG c.r.r.g.p.PythonCodeGenerator - processing module: com.rosetta.test.model
DEBUG c.r.r.g.p.PythonCodeGenerator - processing module: com.rosetta.test.model
DEBUG c.r.r.g.p.PythonCodeGenerator - processing module: com.rosetta.test.model
DEBUG c.r.r.g.p.PythonCodeGenerator - processing module: com.rosetta.test.model
INFO  c.r.r.g.p.o.PythonModelObjectGenerator - PythonModelObjectGenerator::getDeepPath ... getChoiceAliases for name: UnitType
##### choiceAlias ... start
##### choiceAlias ... end
generateClassDefinition ... choiceAliases: {}
[ERROR] Tests run: 13, Failures: 6, Errors: 0, Skipped: 0, Time elapsed: 0.123 s <<< FAILURE! - in com.regnosys.rosetta.generator.python.object.PythonObjectGenerationTest
[ERROR] testMultilineAttributeDefinition  Time elapsed: 0.007 s  <<< FAILURE!
org.opentest4j.AssertionFailedError: expected: <true> but was: <false>
	at com.regnosys.rosetta.generator.python.object.PythonObjectGenerationTest.testMultilineAttributeDefinition(PythonObjectGenerationTest.java:71)

[ERROR] testConditionsGeneration1  Time elapsed: 0.015 s  <<< FAILURE!
org.opentest4j.AssertionFailedError: expected: <true> but was: <false>
	at com.regnosys.rosetta.generator.python.object.PythonObjectGenerationTest.testConditionsGeneration1(PythonObjectGenerationTest.java:4230)

[ERROR] testConditions1  Time elapsed: 0.013 s  <<< FAILURE!
org.opentest4j.AssertionFailedError: expected: <true> but was: <false>
	at com.regnosys.rosetta.generator.python.object.PythonObjectGenerationTest.testConditions1(PythonObjectGenerationTest.java:225)

[ERROR] shouldGenerateTypes2  Time elapsed: 0.014 s  <<< FAILURE!
org.opentest4j.AssertionFailedError: expected: <true> but was: <false>
	at com.regnosys.rosetta.generator.python.object.PythonObjectGenerationTest.shouldGenerateTypes2(PythonObjectGenerationTest.java:1616)

[ERROR] shouldGenerateTypes3  Time elapsed: 0.009 s  <<< FAILURE!
org.opentest4j.AssertionFailedError: expected: <true> but was: <false>
	at com.regnosys.rosetta.generator.python.object.PythonObjectGenerationTest.shouldGenerateTypes3(PythonObjectGenerationTest.java:2043)

[ERROR] shouldGenerateTypesExtends2  Time elapsed: 0.012 s  <<< FAILURE!
org.opentest4j.AssertionFailedError: expected: <true> but was: <false>
	at com.regnosys.rosetta.generator.python.object.PythonObjectGenerationTest.shouldGenerateTypesExtends2(PythonObjectGenerationTest.java:3588)

[INFO] Running com.regnosys.rosetta.generator.python.object.RosettaExtensionsTest
DEBUG c.r.r.g.p.PythonCodeGenerator - processing module: test
DEBUG c.r.r.g.p.PythonCodeGenerator - processing module: test
[INFO] Tests run: 2, Failures: 0, Errors: 0, Skipped: 0, Time elapsed: 0.009 s - in com.regnosys.rosetta.generator.python.object.RosettaExtensionsTest
[INFO] Running com.regnosys.rosetta.generator.python.expression.RosettaExistsExpressionTest
DEBUG c.r.r.g.p.PythonCodeGenerator - processing module: com.rosetta.test.model
[INFO] Tests run: 1, Failures: 0, Errors: 0, Skipped: 0, Time elapsed: 0.033 s - in com.regnosys.rosetta.generator.python.expression.RosettaExistsExpressionTest
[INFO] Running com.regnosys.rosetta.generator.python.expression.PythonExpressionGeneratorTest
DEBUG c.r.r.g.p.PythonCodeGenerator - processing module: com.rosetta.test.model
DEBUG c.r.r.g.p.PythonCodeGenerator - processing module: com.rosetta.test.model
DEBUG c.r.r.g.p.PythonCodeGenerator - processing module: com.rosetta.test.model
DEBUG c.r.r.g.p.PythonCodeGenerator - processing module: com.rosetta.test.model
DEBUG c.r.r.g.p.PythonCodeGenerator - processing module: com.rosetta.test.model
DEBUG c.r.r.g.p.PythonCodeGenerator - processing module: com.rosetta.test.model
DEBUG c.r.r.g.p.PythonCodeGenerator - processing module: com.rosetta.test.model
DEBUG c.r.r.g.p.PythonCodeGenerator - processing module: com.rosetta.test.model
DEBUG c.r.r.g.p.PythonCodeGenerator - processing module: com.rosetta.test.model
DEBUG c.r.r.g.p.PythonCodeGenerator - processing module: com.rosetta.test.model
DEBUG c.r.r.g.p.PythonCodeGenerator - processing module: com.rosetta.test.model
DEBUG c.r.r.g.p.PythonCodeGenerator - processing module: com.rosetta.test.model
DEBUG c.r.r.g.p.PythonCodeGenerator - processing module: com.rosetta.test.model
DEBUG c.r.r.g.p.PythonCodeGenerator - processing module: com.rosetta.test.model
DEBUG c.r.r.g.p.PythonCodeGenerator - processing module: com.rosetta.test.model
DEBUG c.r.r.g.p.PythonCodeGenerator - processing module: com.rosetta.test.model
DEBUG c.r.r.g.p.PythonCodeGenerator - processing module: com.rosetta.test.model
DEBUG c.r.r.g.p.PythonCodeGenerator - processing module: com.rosetta.test.model
INFO  c.r.r.g.p.o.PythonModelObjectGenerator - PythonModelObjectGenerator::getDeepPath ... getChoiceAliases for name: Test1
##### getChoiceAliases df:RAttribute[name=field1, type=string, cardinality=[0, 1]]
##### choiceAlias ... start
choiceAlias {field1:[]}
##### choiceAlias ... end
generateClassDefinition ... choiceAliases: {field1=[]}
DEBUG c.r.r.g.p.PythonCodeGenerator - processing module: com.rosetta.test.model
DEBUG c.r.r.g.p.PythonCodeGenerator - processing module: com.rosetta.test.model
DEBUG c.r.r.g.p.PythonCodeGenerator - processing module: com.rosetta.test.model
[ERROR] Tests run: 21, Failures: 1, Errors: 0, Skipped: 0, Time elapsed: 0.269 s <<< FAILURE! - in com.regnosys.rosetta.generator.python.expression.PythonExpressionGeneratorTest
[ERROR] shouldGenerateOneOfCondition  Time elapsed: 0.054 s  <<< FAILURE!
org.opentest4j.AssertionFailedError: expected: <true> but was: <false>
	at com.regnosys.rosetta.generator.python.expression.PythonExpressionGeneratorTest.shouldGenerateOneOfCondition(PythonExpressionGeneratorTest.java:170)

[INFO] Running com.regnosys.rosetta.generator.python.PythonMetaDataGenerationTest
[WARNING] Tests run: 2, Failures: 0, Errors: 0, Skipped: 2, Time elapsed: 0 s - in com.regnosys.rosetta.generator.python.PythonMetaDataGenerationTest
[INFO] Running com.regnosys.rosetta.generator.python.func.PythonFunctionsTest
DEBUG c.r.r.g.p.PythonCodeGenerator - processing module: com.rosetta.test.model
DEBUG c.r.r.g.p.PythonCodeGenerator - processing module: com.rosetta.test.model
DEBUG c.r.r.g.p.PythonCodeGenerator - processing module: com.rosetta.test.model
DEBUG c.r.r.g.p.PythonCodeGenerator - processing module: com.rosetta.test.model
INFO  c.r.r.g.p.o.PythonModelObjectGenerator - PythonModelObjectGenerator::getDeepPath ... getChoiceAliases for name: UnitType
##### choiceAlias ... start
##### choiceAlias ... end
generateClassDefinition ... choiceAliases: {}
DEBUG c.r.r.g.p.PythonCodeGenerator - processing module: com.rosetta.test.model
DEBUG c.r.r.g.p.PythonCodeGenerator - processing module: com.rosetta.test.model
DEBUG c.r.r.g.p.PythonCodeGenerator - processing module: com.rosetta.test.model
DEBUG c.r.r.g.p.PythonCodeGenerator - processing module: com.rosetta.test.model
DEBUG c.r.r.g.p.PythonCodeGenerator - processing module: com.rosetta.test.model
DEBUG c.r.r.g.p.PythonCodeGenerator - processing module: com.rosetta.test.model
DEBUG c.r.r.g.p.PythonCodeGenerator - processing module: com.rosetta.test.model
DEBUG c.r.r.g.p.PythonCodeGenerator - processing module: com.rosetta.test.model
DEBUG c.r.r.g.p.PythonCodeGenerator - processing module: com.rosetta.test.model
DEBUG c.r.r.g.p.PythonCodeGenerator - processing module: com.rosetta.test.model
[INFO] Tests run: 14, Failures: 0, Errors: 0, Skipped: 0, Time elapsed: 0.132 s - in com.regnosys.rosetta.generator.python.func.PythonFunctionsTest
[INFO] 
[INFO] Results:
[INFO] 
[ERROR] Failures: 
[ERROR]   PythonExpressionGeneratorTest.shouldGenerateOneOfCondition:170 expected: <true> but was: <false>
[ERROR]   ModelObjectGeneratorTest.testConditions1:764 expected: <true> but was: <false>
[ERROR]   ModelObjectGeneratorTest.testConditionsGeneration:1615 expected: <true> but was: <false>
[ERROR]   PythonObjectGenerationTest.shouldGenerateTypes2:1616 expected: <true> but was: <false>
[ERROR]   PythonObjectGenerationTest.shouldGenerateTypes3:2043 expected: <true> but was: <false>
[ERROR]   PythonObjectGenerationTest.shouldGenerateTypesExtends2:3588 expected: <true> but was: <false>
[ERROR]   PythonObjectGenerationTest.testConditions1:225 expected: <true> but was: <false>
[ERROR]   PythonObjectGenerationTest.testConditionsGeneration1:4230 expected: <true> but was: <false>
[ERROR]   PythonObjectGenerationTest.testMultilineAttributeDefinition:71 expected: <true> but was: <false>
[INFO] 
[ERROR] Tests run: 111, Failures: 9, Errors: 0, Skipped: 15
[INFO] 
[INFO] ------------------------------------------------------------------------
[INFO] BUILD FAILURE
[INFO] ------------------------------------------------------------------------
[INFO] Total time:  9.138 s
[INFO] Finished at: 2024-10-23T17:37:29-04:00
[INFO] ------------------------------------------------------------------------
[ERROR] Failed to execute goal org.apache.maven.plugins:maven-surefire-plugin:2.22.2:test (default-test) on project python: There are test failures.
[ERROR] 
[ERROR] Please refer to /Users/dls/projects/cdm/rosetta-code-generators/CloudRisk/rosetta-code-generators/python/target/surefire-reports for the individual test results.
[ERROR] Please refer to dump files (if any exist) [date].dump, [date]-jvmRun[N].dump and [date].dumpstream.
[ERROR] -> [Help 1]
[ERROR] 
[ERROR] To see the full stack trace of the errors, re-run Maven with the -e switch.
[ERROR] Re-run Maven using the -X switch to enable full debug logging.
[ERROR] 
[ERROR] For more information about the errors and possible solutions, please read the following articles:
[ERROR] [Help 1] http://cwiki.apache.org/confluence/display/MAVEN/MojoFailureException
